[debug] [2023-08-19T03:30:41.530Z] ----------------------------------------------------------------------
[debug] [2023-08-19T03:30:41.536Z] Command:       C:\Program Files\nodejs\node.exe C:\Users\my\AppData\Roaming\npm\node_modules\firebase-tools\lib\bin\firebase.js init
[debug] [2023-08-19T03:30:41.537Z] CLI Version:   12.4.8
[debug] [2023-08-19T03:30:41.538Z] Platform:      win32
[debug] [2023-08-19T03:30:41.538Z] Node Version:  v18.16.0
[debug] [2023-08-19T03:30:41.540Z] Time:          Sat Aug 19 2023 09:00:41 GMT+0530 (India Standard Time)
[debug] [2023-08-19T03:30:41.541Z] ----------------------------------------------------------------------
[debug] 
[debug] [2023-08-19T03:30:41.558Z] > command requires scopes: ["email","openid","https://www.googleapis.com/auth/cloudplatformprojects.readonly","https://www.googleapis.com/auth/firebase","https://www.googleapis.com/auth/cloud-platform"]
[debug] [2023-08-19T03:30:41.559Z] > authorizing via signed-in user (2020.manjiri.jadhav@ves.ac.in)
[info] 
     ######## #### ########  ######## ########     ###     ######  ########
     ##        ##  ##     ## ##       ##     ##  ##   ##  ##       ##
     ######    ##  ########  ######   ########  #########  ######  ######
     ##        ##  ##    ##  ##       ##     ## ##     ##       ## ##
     ##       #### ##     ## ######## ########  ##     ##  ######  ########

You're about to initialize a Firebase project in this directory:

  D:\kanban\kanban

[info] 
=== Project Setup
[info] 
[info] First, let's associate this project directory with a Firebase project.
[info] You can create multiple project aliases by running firebase use --add, 
[info] but for now we'll just set up a default project.
[info] 
[debug] [2023-08-19T03:30:58.207Z] >>> [apiv2][query] GET https://firebase.googleapis.com/v1beta1/projects pageSize=100
[debug] [2023-08-19T03:30:59.386Z] <<< [apiv2][status] GET https://firebase.googleapis.com/v1beta1/projects 200
[debug] [2023-08-19T03:30:59.388Z] <<< [apiv2][body] GET https://firebase.googleapis.com/v1beta1/projects [omitted]
[info] i  Using project kanban-8f0fe (Kanban) 
[info] 
=== Hosting Setup
[info] 
[info] Your public directory is the folder (relative to your project directory) that
[info] will contain Hosting assets to be uploaded with firebase deploy. If you
[info] have a build process for your assets, use your build's output directory.
[info] 
